Build started 06/11/2014 16:23:10.
     1>Project "C:\Users\nsosa200\Documents\GitHub\GP2Labs-saslfras\ConsoleApplication1\ConsoleApplication1.vcxproj" on node 2 (Build target(s)).
     1>ClCompile:
         C:\Program Files (x86)\Microsoft Visual Studio 12.0\VC\bin\CL.exe /c /I"C:\Users\nsosa200\Documents\GitHub\GP2Labs-saslfras\ConsoleApplication1" /I"C:\Users\nsosa200\Desktop\glew-1.11.0" /IC:\Users\nsosa200\Desktop\glm /I"C:\Specialised Applications\SDL2\include" /ZI /nologo /W3 /WX- /Od /Oy- /D WIN32 /D _DEBUG /D _CONSOLE /D _LIB /D _UNICODE /D UNICODE /Gm /EHsc /RTC1 /MDd /GS /fp:precise /Zc:wchar_t /Zc:forScope /Fo"Debug\\" /Fd"Debug\vc120.pdb" /Gd /TP /analyze- /errorReport:prompt Camera.cpp Component.cpp GameObject.cpp main.cpp Material.cpp Mesh.cpp Shader.cpp Texture.cpp Transform.cpp
         Transform.cpp
         GLM: rotate function taking degrees as a parameter is deprecated. #define GLM_FORCE_RADIANS before including GLM headers to remove this message.
         Texture.cpp
     1>c:\users\nsosa200\documents\github\gp2labs-saslfras\consoleapplication1\texture.h(4): fatal error C1083: Cannot open include file: 'GL/glew.h': No such file or directory
         Shader.cpp
     1>c:\users\nsosa200\documents\github\gp2labs-saslfras\consoleapplication1\shader.h(12): fatal error C1083: Cannot open include file: 'GL/glew.h': No such file or directory
         Mesh.cpp
     1>c:\users\nsosa200\documents\github\gp2labs-saslfras\consoleapplication1\mesh.h(12): fatal error C1083: Cannot open include file: 'GL/glew.h': No such file or directory
         Material.cpp
     1>c:\users\nsosa200\documents\github\gp2labs-saslfras\consoleapplication1\material.h(12): fatal error C1083: Cannot open include file: 'GL/glew.h': No such file or directory
         main.cpp
     1>c:\users\nsosa200\documents\github\gp2labs-saslfras\consoleapplication1\main.cpp(2): fatal error C1083: Cannot open include file: 'GL/glew.h': No such file or directory
         GameObject.cpp
     1>c:\users\nsosa200\documents\github\gp2labs-saslfras\consoleapplication1\mesh.h(12): fatal error C1083: Cannot open include file: 'GL/glew.h': No such file or directory
         Component.cpp
         Camera.cpp
         GLM: perspective function taking degrees as a parameter is deprecated. #define GLM_FORCE_RADIANS before including GLM headers to remove this message.
         Generating Code...
     1>Done Building Project "C:\Users\nsosa200\Documents\GitHub\GP2Labs-saslfras\ConsoleApplication1\ConsoleApplication1.vcxproj" (Build target(s)) -- FAILED.

Build FAILED.

Time Elapsed 00:00:04.25
